D:\SAMPARK\04_자료구조\PROJECT\0410\0410\DEBUG\0410.EXE.EMBED.MANIFEST
D:\SAMPARK\04_자료구조\PROJECT\0410\0410\DEBUG\0410.EXE.EMBED.MANIFEST.RES
D:\SAMPARK\04_자료구조\PROJECT\0410\0410\DEBUG\0410.EXE.INTERMEDIATE.MANIFEST
D:\Sampark\04_자료구조\Project\0410\0410\Debug\0410.write.1.tlog
D:\Sampark\04_자료구조\Project\0410\0410\Debug\0410_manifest.rc
D:\Sampark\04_자료구조\Project\0410\0410\Debug\cl.command.1.tlog
D:\Sampark\04_자료구조\Project\0410\0410\Debug\CL.read.1.tlog
D:\Sampark\04_자료구조\Project\0410\0410\Debug\CL.write.1.tlog
D:\Sampark\04_자료구조\Project\0410\0410\Debug\link.12340.read.1.tlog
D:\Sampark\04_자료구조\Project\0410\0410\Debug\link.12340.write.1.tlog
D:\Sampark\04_자료구조\Project\0410\0410\Debug\link.12340-cvtres.read.1.tlog
D:\Sampark\04_자료구조\Project\0410\0410\Debug\link.12340-cvtres.write.1.tlog
D:\Sampark\04_자료구조\Project\0410\0410\Debug\link.command.1.tlog
D:\Sampark\04_자료구조\Project\0410\0410\Debug\link.read.1.tlog
D:\Sampark\04_자료구조\Project\0410\0410\Debug\link.write.1.tlog
D:\Sampark\04_자료구조\Project\0410\0410\Debug\link-cvtres.read.1.tlog
D:\Sampark\04_자료구조\Project\0410\0410\Debug\link-cvtres.write.1.tlog
D:\SAMPARK\04_자료구조\PROJECT\0410\0410\DEBUG\MAIN.OBJ
D:\Sampark\04_자료구조\Project\0410\0410\Debug\mt.command.1.tlog
D:\Sampark\04_자료구조\Project\0410\0410\Debug\mt.read.1.tlog
D:\Sampark\04_자료구조\Project\0410\0410\Debug\mt.write.1.tlog
D:\Sampark\04_자료구조\Project\0410\0410\Debug\rc.command.1.tlog
D:\Sampark\04_자료구조\Project\0410\0410\Debug\rc.read.1.tlog
D:\Sampark\04_자료구조\Project\0410\0410\Debug\rc.write.1.tlog
D:\Sampark\04_자료구조\Project\0410\0410\Debug\vc100.idb
D:\SAMPARK\04_자료구조\PROJECT\0410\0410\DEBUG\VC100.PDB
D:\SAMPARK\04_자료구조\PROJECT\0410\DEBUG\0410.EXE
D:\SAMPARK\04_자료구조\PROJECT\0410\DEBUG\0410.ILK
D:\SAMPARK\04_자료구조\PROJECT\0410\DEBUG\0410.PDB
