D:\KANGHYOMIN\PROJECT\DAY02_0411\DAY02_0411\DEBUG\0411.OBJ
D:\kanghyomin\Project\Day02_0411\Day02_0411\Debug\cl.command.1.tlog
D:\kanghyomin\Project\Day02_0411\Day02_0411\Debug\CL.read.1.tlog
D:\kanghyomin\Project\Day02_0411\Day02_0411\Debug\CL.write.1.tlog
D:\KANGHYOMIN\PROJECT\DAY02_0411\DAY02_0411\DEBUG\DAY02_0411.EXE.EMBED.MANIFEST
D:\KANGHYOMIN\PROJECT\DAY02_0411\DAY02_0411\DEBUG\DAY02_0411.EXE.EMBED.MANIFEST.RES
D:\KANGHYOMIN\PROJECT\DAY02_0411\DAY02_0411\DEBUG\DAY02_0411.EXE.INTERMEDIATE.MANIFEST
D:\kanghyomin\Project\Day02_0411\Day02_0411\Debug\Day02_0411.write.1.tlog
D:\kanghyomin\Project\Day02_0411\Day02_0411\Debug\Day02_0411_manifest.rc
D:\kanghyomin\Project\Day02_0411\Day02_0411\Debug\link.13308.read.1.tlog
D:\kanghyomin\Project\Day02_0411\Day02_0411\Debug\link.13308.write.1.tlog
D:\kanghyomin\Project\Day02_0411\Day02_0411\Debug\link.13308-cvtres.read.1.tlog
D:\kanghyomin\Project\Day02_0411\Day02_0411\Debug\link.13308-cvtres.write.1.tlog
D:\kanghyomin\Project\Day02_0411\Day02_0411\Debug\link.command.1.tlog
D:\kanghyomin\Project\Day02_0411\Day02_0411\Debug\link.read.1.tlog
D:\kanghyomin\Project\Day02_0411\Day02_0411\Debug\link.write.1.tlog
D:\kanghyomin\Project\Day02_0411\Day02_0411\Debug\link-cvtres.read.1.tlog
D:\kanghyomin\Project\Day02_0411\Day02_0411\Debug\link-cvtres.write.1.tlog
D:\kanghyomin\Project\Day02_0411\Day02_0411\Debug\mt.command.1.tlog
D:\kanghyomin\Project\Day02_0411\Day02_0411\Debug\mt.read.1.tlog
D:\kanghyomin\Project\Day02_0411\Day02_0411\Debug\mt.write.1.tlog
D:\kanghyomin\Project\Day02_0411\Day02_0411\Debug\rc.command.1.tlog
D:\kanghyomin\Project\Day02_0411\Day02_0411\Debug\rc.read.1.tlog
D:\kanghyomin\Project\Day02_0411\Day02_0411\Debug\rc.write.1.tlog
D:\kanghyomin\Project\Day02_0411\Day02_0411\Debug\vc100.idb
D:\KANGHYOMIN\PROJECT\DAY02_0411\DAY02_0411\DEBUG\VC100.PDB
D:\KANGHYOMIN\PROJECT\DAY02_0411\DEBUG\DAY02_0411.EXE
D:\KANGHYOMIN\PROJECT\DAY02_0411\DEBUG\DAY02_0411.ILK
D:\KANGHYOMIN\PROJECT\DAY02_0411\DEBUG\DAY02_0411.PDB
