빌드 시작: 2021-04-11 오전 11:49:33
     1>2 노드의 "D:\kanghyomin\Project\Day02_0411\Day02_0411\Day02_0411.vcxproj" 프로젝트(build 대상)입니다.
     1>InitializeBuildStatus:
         "AlwaysCreate"이(가) 지정되었기 때문에 "Debug\Day02_0411.unsuccessfulbuild"을(를) 만들고 있습니다.
       ClCompile:
         C:\Program Files (x86)\Microsoft Visual Studio 10.0\VC\bin\CL.exe /c /ZI /nologo /W3 /WX- /Od /Oy- /D WIN32 /D _DEBUG /D _CONSOLE /D _UNICODE /D UNICODE /Gm /EHsc /RTC1 /MDd /GS /fp:precise /Zc:wchar_t /Zc:forScope /Fo"Debug\\" /Fd"Debug\vc100.pdb" /Gd /TC /analyze- /errorReport:prompt 0411.c
         0411.c
     1>d:\kanghyomin\project\day02_0411\day02_0411\0411.c(126): warning C4996: 'gets': This function or variable may be unsafe. Consider using gets_s instead. To disable deprecation, use _CRT_SECURE_NO_WARNINGS. See online help for details.
                 c:\program files (x86)\microsoft visual studio 10.0\vc\include\stdio.h(277) : 'gets' 선언을 참조하십시오.
     1>d:\kanghyomin\project\day02_0411\day02_0411\0411.c(127): warning C4996: 'strcpy': This function or variable may be unsafe. Consider using strcpy_s instead. To disable deprecation, use _CRT_SECURE_NO_WARNINGS. See online help for details.
                 c:\program files (x86)\microsoft visual studio 10.0\vc\include\string.h(105) : 'strcpy' 선언을 참조하십시오.
       ManifestResourceCompile:
         모든 출력이 최신 상태입니다.
       Link:
         C:\Program Files (x86)\Microsoft Visual Studio 10.0\VC\bin\link.exe /ERRORREPORT:PROMPT /OUT:"D:\kanghyomin\Project\Day02_0411\Debug\Day02_0411.exe" /INCREMENTAL /NOLOGO kernel32.lib user32.lib gdi32.lib winspool.lib comdlg32.lib advapi32.lib shell32.lib ole32.lib oleaut32.lib uuid.lib odbc32.lib odbccp32.lib /MANIFEST /ManifestFile:"Debug\Day02_0411.exe.intermediate.manifest" /MANIFESTUAC:"level='asInvoker' uiAccess='false'" /DEBUG /PDB:"D:\kanghyomin\Project\Day02_0411\Debug\Day02_0411.pdb" /SUBSYSTEM:CONSOLE /TLBID:1 /DYNAMICBASE /NXCOMPAT /IMPLIB:"D:\kanghyomin\Project\Day02_0411\Debug\Day02_0411.lib" /MACHINE:X86 Debug\Day02_0411.exe.embed.manifest.res
         Debug\0411.obj
       Manifest:
         C:\Program Files (x86)\Microsoft SDKs\Windows\v7.0A\bin\mt.exe /nologo /verbose /out:"Debug\Day02_0411.exe.embed.manifest" /manifest Debug\Day02_0411.exe.intermediate.manifest
         모든 출력이 최신 상태입니다.
       LinkEmbedManifest:
         모든 출력이 최신 상태입니다.
         Day02_0411.vcxproj -> D:\kanghyomin\Project\Day02_0411\Debug\Day02_0411.exe
       FinalizeBuildStatus:
         "Debug\Day02_0411.unsuccessfulbuild" 파일을 삭제하고 있습니다.
         "Debug\Day02_0411.lastbuildstate"에 연결(touching)하고 있습니다.
     1>"D:\kanghyomin\Project\Day02_0411\Day02_0411\Day02_0411.vcxproj" 프로젝트를 빌드했습니다(build 대상).

빌드했습니다.

경과 시간: 00:00:00.56
