빌드 시작: 2021-04-11 오전 9:22:15
     1>2 노드의 "D:\kanghyomin\Project\Day01_0410\Day01_0410\Day01_0410.vcxproj" 프로젝트(rebuild 대상)입니다.
     1>_PrepareForClean:
         "Debug\Day01_0410.lastbuildstate" 파일을 삭제하고 있습니다.
       InitializeBuildStatus:
         "AlwaysCreate"이(가) 지정되었기 때문에 "Debug\Day01_0410.unsuccessfulbuild"을(를) 만들고 있습니다.
       ClCompile:
         C:\Program Files (x86)\Microsoft Visual Studio 10.0\VC\bin\CL.exe /c /ZI /nologo /W3 /WX- /Od /Oy- /D WIN32 /D _DEBUG /D _CONSOLE /D _UNICODE /D UNICODE /Gm /EHsc /RTC1 /MDd /GS /fp:precise /Zc:wchar_t /Zc:forScope /Fo"Debug\\" /Fd"Debug\vc100.pdb" /Gd /TC /analyze- /errorReport:prompt main.c
         main.c
     1>d:\kanghyomin\project\day01_0410\day01_0410\main.c(105): warning C4996: 'scanf': This function or variable may be unsafe. Consider using scanf_s instead. To disable deprecation, use _CRT_SECURE_NO_WARNINGS. See online help for details.
                 c:\program files (x86)\microsoft visual studio 10.0\vc\include\stdio.h(304) : 'scanf' 선언을 참조하십시오.
     1>d:\kanghyomin\project\day01_0410\day01_0410\main.c(35): warning C4101: 'a' :참조되지 않은 지역 변수입니다.
       ManifestResourceCompile:
         C:\Program Files (x86)\Microsoft SDKs\Windows\v7.0A\bin\rc.exe /nologo /fo"Debug\Day01_0410.exe.embed.manifest.res" Debug\Day01_0410_manifest.rc 
       Link:
         C:\Program Files (x86)\Microsoft Visual Studio 10.0\VC\bin\link.exe /ERRORREPORT:PROMPT /OUT:"D:\kanghyomin\Project\Day01_0410\Debug\Day01_0410.exe" /INCREMENTAL /NOLOGO kernel32.lib user32.lib gdi32.lib winspool.lib comdlg32.lib advapi32.lib shell32.lib ole32.lib oleaut32.lib uuid.lib odbc32.lib odbccp32.lib /MANIFEST /ManifestFile:"Debug\Day01_0410.exe.intermediate.manifest" /MANIFESTUAC:"level='asInvoker' uiAccess='false'" /DEBUG /PDB:"D:\kanghyomin\Project\Day01_0410\Debug\Day01_0410.pdb" /SUBSYSTEM:CONSOLE /TLBID:1 /DYNAMICBASE /NXCOMPAT /IMPLIB:"D:\kanghyomin\Project\Day01_0410\Debug\Day01_0410.lib" /MACHINE:X86 Debug\Day01_0410.exe.embed.manifest.res
         Debug\main.obj
       Manifest:
         "Debug\Day01_0410.exe.embed.manifest" 파일을 삭제하고 있습니다.
         C:\Program Files (x86)\Microsoft SDKs\Windows\v7.0A\bin\mt.exe /nologo /verbose /out:"Debug\Day01_0410.exe.embed.manifest" /manifest Debug\Day01_0410.exe.intermediate.manifest
         C:\Program Files (x86)\Microsoft SDKs\Windows\v7.0A\bin\rc.exe /nologo /fo"Debug\Day01_0410.exe.embed.manifest.res" Debug\Day01_0410_manifest.rc 
       LinkEmbedManifest:
         C:\Program Files (x86)\Microsoft Visual Studio 10.0\VC\bin\link.exe /ERRORREPORT:PROMPT /OUT:"D:\kanghyomin\Project\Day01_0410\Debug\Day01_0410.exe" /INCREMENTAL /NOLOGO kernel32.lib user32.lib gdi32.lib winspool.lib comdlg32.lib advapi32.lib shell32.lib ole32.lib oleaut32.lib uuid.lib odbc32.lib odbccp32.lib /MANIFEST /ManifestFile:"Debug\Day01_0410.exe.intermediate.manifest" /MANIFESTUAC:"level='asInvoker' uiAccess='false'" /DEBUG /PDB:"D:\kanghyomin\Project\Day01_0410\Debug\Day01_0410.pdb" /SUBSYSTEM:CONSOLE /TLBID:1 /DYNAMICBASE /NXCOMPAT /IMPLIB:"D:\kanghyomin\Project\Day01_0410\Debug\Day01_0410.lib" /MACHINE:X86 Debug\Day01_0410.exe.embed.manifest.res
         Debug\main.obj
         Day01_0410.vcxproj -> D:\kanghyomin\Project\Day01_0410\Debug\Day01_0410.exe
       FinalizeBuildStatus:
         "Debug\Day01_0410.unsuccessfulbuild" 파일을 삭제하고 있습니다.
         "Debug\Day01_0410.lastbuildstate"에 연결(touching)하고 있습니다.
     1>"D:\kanghyomin\Project\Day01_0410\Day01_0410\Day01_0410.vcxproj" 프로젝트를 빌드했습니다(rebuild 대상).

빌드했습니다.

경과 시간: 00:00:01.10
