D:\kanghyomin\Project\Day01_0410\Day01_0410\Debug\cl.command.1.tlog
D:\kanghyomin\Project\Day01_0410\Day01_0410\Debug\CL.read.1.tlog
D:\kanghyomin\Project\Day01_0410\Day01_0410\Debug\CL.write.1.tlog
D:\KANGHYOMIN\PROJECT\DAY01_0410\DAY01_0410\DEBUG\DAY01_0410.EXE.EMBED.MANIFEST
D:\KANGHYOMIN\PROJECT\DAY01_0410\DAY01_0410\DEBUG\DAY01_0410.EXE.EMBED.MANIFEST.RES
D:\KANGHYOMIN\PROJECT\DAY01_0410\DAY01_0410\DEBUG\DAY01_0410.EXE.INTERMEDIATE.MANIFEST
D:\kanghyomin\Project\Day01_0410\Day01_0410\Debug\Day01_0410.vcxprojResolveAssemblyReference.cache
D:\kanghyomin\Project\Day01_0410\Day01_0410\Debug\Day01_0410.write.1.tlog
D:\kanghyomin\Project\Day01_0410\Day01_0410\Debug\Day01_0410_manifest.rc
D:\kanghyomin\Project\Day01_0410\Day01_0410\Debug\link.17248.read.1.tlog
D:\kanghyomin\Project\Day01_0410\Day01_0410\Debug\link.17248.write.1.tlog
D:\kanghyomin\Project\Day01_0410\Day01_0410\Debug\link.17248-cvtres.read.1.tlog
D:\kanghyomin\Project\Day01_0410\Day01_0410\Debug\link.17248-cvtres.write.1.tlog
D:\kanghyomin\Project\Day01_0410\Day01_0410\Debug\link.command.1.tlog
D:\kanghyomin\Project\Day01_0410\Day01_0410\Debug\link.read.1.tlog
D:\kanghyomin\Project\Day01_0410\Day01_0410\Debug\link.write.1.tlog
D:\kanghyomin\Project\Day01_0410\Day01_0410\Debug\link-cvtres.read.1.tlog
D:\kanghyomin\Project\Day01_0410\Day01_0410\Debug\link-cvtres.write.1.tlog
D:\KANGHYOMIN\PROJECT\DAY01_0410\DAY01_0410\DEBUG\MAIN.OBJ
D:\kanghyomin\Project\Day01_0410\Day01_0410\Debug\mt.command.1.tlog
D:\kanghyomin\Project\Day01_0410\Day01_0410\Debug\mt.read.1.tlog
D:\kanghyomin\Project\Day01_0410\Day01_0410\Debug\mt.write.1.tlog
D:\kanghyomin\Project\Day01_0410\Day01_0410\Debug\rc.command.1.tlog
D:\kanghyomin\Project\Day01_0410\Day01_0410\Debug\rc.read.1.tlog
D:\kanghyomin\Project\Day01_0410\Day01_0410\Debug\rc.write.1.tlog
D:\kanghyomin\Project\Day01_0410\Day01_0410\Debug\vc100.idb
D:\KANGHYOMIN\PROJECT\DAY01_0410\DAY01_0410\DEBUG\VC100.PDB
D:\KANGHYOMIN\PROJECT\DAY01_0410\DEBUG\DAY01_0410.EXE
D:\KANGHYOMIN\PROJECT\DAY01_0410\DEBUG\DAY01_0410.ILK
D:\KANGHYOMIN\PROJECT\DAY01_0410\DEBUG\DAY01_0410.PDB
