D:\SAMPARK\04_자료구조\PROJECT\0418\0418\DEBUG\0418.EXE.EMBED.MANIFEST
D:\SAMPARK\04_자료구조\PROJECT\0418\0418\DEBUG\0418.EXE.EMBED.MANIFEST.RES
D:\SAMPARK\04_자료구조\PROJECT\0418\0418\DEBUG\0418.EXE.INTERMEDIATE.MANIFEST
D:\Sampark\04_자료구조\Project\0418\0418\Debug\0418.write.1.tlog
D:\Sampark\04_자료구조\Project\0418\0418\Debug\0418_manifest.rc
D:\SAMPARK\04_자료구조\PROJECT\0418\0418\DEBUG\BUBBLE_SORT.OBJ
D:\Sampark\04_자료구조\Project\0418\0418\Debug\cl.command.1.tlog
D:\Sampark\04_자료구조\Project\0418\0418\Debug\CL.read.1.tlog
D:\Sampark\04_자료구조\Project\0418\0418\Debug\CL.write.1.tlog
D:\Sampark\04_자료구조\Project\0418\0418\Debug\link.9028.read.1.tlog
D:\Sampark\04_자료구조\Project\0418\0418\Debug\link.9028.write.1.tlog
D:\Sampark\04_자료구조\Project\0418\0418\Debug\link.9028-cvtres.read.1.tlog
D:\Sampark\04_자료구조\Project\0418\0418\Debug\link.9028-cvtres.write.1.tlog
D:\Sampark\04_자료구조\Project\0418\0418\Debug\link.command.1.tlog
D:\Sampark\04_자료구조\Project\0418\0418\Debug\link.read.1.tlog
D:\Sampark\04_자료구조\Project\0418\0418\Debug\link.write.1.tlog
D:\Sampark\04_자료구조\Project\0418\0418\Debug\link-cvtres.read.1.tlog
D:\Sampark\04_자료구조\Project\0418\0418\Debug\link-cvtres.write.1.tlog
D:\SAMPARK\04_자료구조\PROJECT\0418\0418\DEBUG\MAIN.OBJ
D:\Sampark\04_자료구조\Project\0418\0418\Debug\mt.command.1.tlog
D:\Sampark\04_자료구조\Project\0418\0418\Debug\mt.read.1.tlog
D:\Sampark\04_자료구조\Project\0418\0418\Debug\mt.write.1.tlog
D:\SAMPARK\04_자료구조\PROJECT\0418\0418\DEBUG\QUICK_SORT.OBJ
D:\Sampark\04_자료구조\Project\0418\0418\Debug\rc.command.1.tlog
D:\Sampark\04_자료구조\Project\0418\0418\Debug\rc.read.1.tlog
D:\Sampark\04_자료구조\Project\0418\0418\Debug\rc.write.1.tlog
D:\SAMPARK\04_자료구조\PROJECT\0418\0418\DEBUG\SELECT_SORT.OBJ
D:\Sampark\04_자료구조\Project\0418\0418\Debug\vc100.idb
D:\SAMPARK\04_자료구조\PROJECT\0418\0418\DEBUG\VC100.PDB
D:\SAMPARK\04_자료구조\PROJECT\0418\DEBUG\0418.EXE
D:\SAMPARK\04_자료구조\PROJECT\0418\DEBUG\0418.ILK
D:\SAMPARK\04_자료구조\PROJECT\0418\DEBUG\0418.PDB
