빌드 시작: 2021-04-24 오후 1:53:09
     1>2 노드의 "D:\kanghyomin\Project\Day05_0424\0424\0424\0424.vcxproj" 프로젝트(rebuild 대상)입니다.
     1>_PrepareForClean:
         "Debug\0424.lastbuildstate" 파일을 삭제하고 있습니다.
       InitializeBuildStatus:
         "AlwaysCreate"이(가) 지정되었기 때문에 "Debug\0424.unsuccessfulbuild"을(를) 만들고 있습니다.
       ClCompile:
         C:\Program Files (x86)\Microsoft Visual Studio 10.0\VC\bin\CL.exe /c /ZI /nologo /W3 /WX- /Od /Oy- /D WIN32 /D _DEBUG /D _CONSOLE /D _UNICODE /D UNICODE /Gm /EHsc /RTC1 /MDd /GS /fp:precise /Zc:wchar_t /Zc:forScope /Fo"Debug\\" /Fd"Debug\vc100.pdb" /Gd /TC /analyze- /errorReport:prompt 0424.c
         0424.c
       ManifestResourceCompile:
         C:\Program Files (x86)\Microsoft SDKs\Windows\v7.0A\bin\rc.exe /nologo /fo"Debug\0424.exe.embed.manifest.res" Debug\0424_manifest.rc 
       Link:
         C:\Program Files (x86)\Microsoft Visual Studio 10.0\VC\bin\link.exe /ERRORREPORT:PROMPT /OUT:"D:\kanghyomin\Project\Day05_0424\0424\Debug\0424.exe" /INCREMENTAL /NOLOGO kernel32.lib user32.lib gdi32.lib winspool.lib comdlg32.lib advapi32.lib shell32.lib ole32.lib oleaut32.lib uuid.lib odbc32.lib odbccp32.lib /MANIFEST /ManifestFile:"Debug\0424.exe.intermediate.manifest" /MANIFESTUAC:"level='asInvoker' uiAccess='false'" /DEBUG /PDB:"D:\kanghyomin\Project\Day05_0424\0424\Debug\0424.pdb" /SUBSYSTEM:CONSOLE /TLBID:1 /DYNAMICBASE /NXCOMPAT /IMPLIB:"D:\kanghyomin\Project\Day05_0424\0424\Debug\0424.lib" /MACHINE:X86 Debug\0424.exe.embed.manifest.res
         Debug\0424.obj
       Manifest:
         "Debug\0424.exe.embed.manifest" 파일을 삭제하고 있습니다.
         C:\Program Files (x86)\Microsoft SDKs\Windows\v7.0A\bin\mt.exe /nologo /verbose /out:"Debug\0424.exe.embed.manifest" /manifest Debug\0424.exe.intermediate.manifest
         C:\Program Files (x86)\Microsoft SDKs\Windows\v7.0A\bin\rc.exe /nologo /fo"Debug\0424.exe.embed.manifest.res" Debug\0424_manifest.rc 
       LinkEmbedManifest:
         C:\Program Files (x86)\Microsoft Visual Studio 10.0\VC\bin\link.exe /ERRORREPORT:PROMPT /OUT:"D:\kanghyomin\Project\Day05_0424\0424\Debug\0424.exe" /INCREMENTAL /NOLOGO kernel32.lib user32.lib gdi32.lib winspool.lib comdlg32.lib advapi32.lib shell32.lib ole32.lib oleaut32.lib uuid.lib odbc32.lib odbccp32.lib /MANIFEST /ManifestFile:"Debug\0424.exe.intermediate.manifest" /MANIFESTUAC:"level='asInvoker' uiAccess='false'" /DEBUG /PDB:"D:\kanghyomin\Project\Day05_0424\0424\Debug\0424.pdb" /SUBSYSTEM:CONSOLE /TLBID:1 /DYNAMICBASE /NXCOMPAT /IMPLIB:"D:\kanghyomin\Project\Day05_0424\0424\Debug\0424.lib" /MACHINE:X86 Debug\0424.exe.embed.manifest.res
         Debug\0424.obj
         0424.vcxproj -> D:\kanghyomin\Project\Day05_0424\0424\Debug\0424.exe
       FinalizeBuildStatus:
         "Debug\0424.unsuccessfulbuild" 파일을 삭제하고 있습니다.
         "Debug\0424.lastbuildstate"에 연결(touching)하고 있습니다.
     1>"D:\kanghyomin\Project\Day05_0424\0424\0424\0424.vcxproj" 프로젝트를 빌드했습니다(rebuild 대상).

빌드했습니다.

경과 시간: 00:00:01.23
