D:\KANGHYOMIN\PROJECT\DAY05_0424\0424\0424\DEBUG\0424.EXE.EMBED.MANIFEST
D:\KANGHYOMIN\PROJECT\DAY05_0424\0424\0424\DEBUG\0424.EXE.EMBED.MANIFEST.RES
D:\KANGHYOMIN\PROJECT\DAY05_0424\0424\0424\DEBUG\0424.EXE.INTERMEDIATE.MANIFEST
D:\KANGHYOMIN\PROJECT\DAY05_0424\0424\0424\DEBUG\0424.OBJ
D:\kanghyomin\Project\Day05_0424\0424\0424\Debug\0424.write.1.tlog
D:\kanghyomin\Project\Day05_0424\0424\0424\Debug\0424_manifest.rc
D:\kanghyomin\Project\Day05_0424\0424\0424\Debug\cl.command.1.tlog
D:\kanghyomin\Project\Day05_0424\0424\0424\Debug\CL.read.1.tlog
D:\kanghyomin\Project\Day05_0424\0424\0424\Debug\CL.write.1.tlog
D:\kanghyomin\Project\Day05_0424\0424\0424\Debug\link.11028.read.1.tlog
D:\kanghyomin\Project\Day05_0424\0424\0424\Debug\link.11028.write.1.tlog
D:\kanghyomin\Project\Day05_0424\0424\0424\Debug\link.11028-cvtres.read.1.tlog
D:\kanghyomin\Project\Day05_0424\0424\0424\Debug\link.11028-cvtres.write.1.tlog
D:\kanghyomin\Project\Day05_0424\0424\0424\Debug\link.command.1.tlog
D:\kanghyomin\Project\Day05_0424\0424\0424\Debug\link.read.1.tlog
D:\kanghyomin\Project\Day05_0424\0424\0424\Debug\link.write.1.tlog
D:\kanghyomin\Project\Day05_0424\0424\0424\Debug\link-cvtres.read.1.tlog
D:\kanghyomin\Project\Day05_0424\0424\0424\Debug\link-cvtres.write.1.tlog
D:\kanghyomin\Project\Day05_0424\0424\0424\Debug\mt.command.1.tlog
D:\kanghyomin\Project\Day05_0424\0424\0424\Debug\mt.read.1.tlog
D:\kanghyomin\Project\Day05_0424\0424\0424\Debug\mt.write.1.tlog
D:\kanghyomin\Project\Day05_0424\0424\0424\Debug\rc.command.1.tlog
D:\kanghyomin\Project\Day05_0424\0424\0424\Debug\rc.read.1.tlog
D:\kanghyomin\Project\Day05_0424\0424\0424\Debug\rc.write.1.tlog
D:\kanghyomin\Project\Day05_0424\0424\0424\Debug\vc100.idb
D:\KANGHYOMIN\PROJECT\DAY05_0424\0424\0424\DEBUG\VC100.PDB
D:\KANGHYOMIN\PROJECT\DAY05_0424\0424\DEBUG\0424.EXE
D:\KANGHYOMIN\PROJECT\DAY05_0424\0424\DEBUG\0424.ILK
D:\KANGHYOMIN\PROJECT\DAY05_0424\0424\DEBUG\0424.PDB
