빌드 시작: 2021-04-18 오후 1:32:25
     1>2 노드의 "D:\kanghyomin\Project\Day04_0418\Day04_0418\Day04_0418.vcxproj" 프로젝트(rebuild 대상)입니다.
     1>_PrepareForClean:
         "Debug\Day04_0418.lastbuildstate" 파일을 삭제하고 있습니다.
       InitializeBuildStatus:
         "Debug\Day04_0418.unsuccessfulbuild"에 연결(touching)하고 있습니다.
       ClCompile:
         C:\Program Files (x86)\Microsoft Visual Studio 10.0\VC\bin\CL.exe /c /ZI /nologo /W3 /WX- /Od /Oy- /D WIN32 /D _DEBUG /D _CONSOLE /D _UNICODE /D UNICODE /Gm /EHsc /RTC1 /MDd /GS /fp:precise /Zc:wchar_t /Zc:forScope /Fo"Debug\\" /Fd"Debug\vc100.pdb" /Gd /TC /analyze- /errorReport:prompt bubble_sort.c main.c quicksort.c select_sort.c
         select_sort.c
         quicksort.c
         main.c
         bubble_sort.c
         코드를 생성하고 있습니다...
       ManifestResourceCompile:
         C:\Program Files (x86)\Microsoft SDKs\Windows\v7.0A\bin\rc.exe /nologo /fo"Debug\Day04_0418.exe.embed.manifest.res" Debug\Day04_0418_manifest.rc 
       Link:
         C:\Program Files (x86)\Microsoft Visual Studio 10.0\VC\bin\link.exe /ERRORREPORT:PROMPT /OUT:"D:\kanghyomin\Project\Day04_0418\Debug\Day04_0418.exe" /INCREMENTAL /NOLOGO kernel32.lib user32.lib gdi32.lib winspool.lib comdlg32.lib advapi32.lib shell32.lib ole32.lib oleaut32.lib uuid.lib odbc32.lib odbccp32.lib /MANIFEST /ManifestFile:"Debug\Day04_0418.exe.intermediate.manifest" /MANIFESTUAC:"level='asInvoker' uiAccess='false'" /DEBUG /PDB:"D:\kanghyomin\Project\Day04_0418\Debug\Day04_0418.pdb" /SUBSYSTEM:CONSOLE /TLBID:1 /DYNAMICBASE /NXCOMPAT /IMPLIB:"D:\kanghyomin\Project\Day04_0418\Debug\Day04_0418.lib" /MACHINE:X86 Debug\Day04_0418.exe.embed.manifest.res
         Debug\bubble_sort.obj
         Debug\main.obj
         Debug\quicksort.obj
         Debug\select_sort.obj
       Manifest:
         "Debug\Day04_0418.exe.embed.manifest" 파일을 삭제하고 있습니다.
         C:\Program Files (x86)\Microsoft SDKs\Windows\v7.0A\bin\mt.exe /nologo /verbose /out:"Debug\Day04_0418.exe.embed.manifest" /manifest Debug\Day04_0418.exe.intermediate.manifest
         C:\Program Files (x86)\Microsoft SDKs\Windows\v7.0A\bin\rc.exe /nologo /fo"Debug\Day04_0418.exe.embed.manifest.res" Debug\Day04_0418_manifest.rc 
       LinkEmbedManifest:
         C:\Program Files (x86)\Microsoft Visual Studio 10.0\VC\bin\link.exe /ERRORREPORT:PROMPT /OUT:"D:\kanghyomin\Project\Day04_0418\Debug\Day04_0418.exe" /INCREMENTAL /NOLOGO kernel32.lib user32.lib gdi32.lib winspool.lib comdlg32.lib advapi32.lib shell32.lib ole32.lib oleaut32.lib uuid.lib odbc32.lib odbccp32.lib /MANIFEST /ManifestFile:"Debug\Day04_0418.exe.intermediate.manifest" /MANIFESTUAC:"level='asInvoker' uiAccess='false'" /DEBUG /PDB:"D:\kanghyomin\Project\Day04_0418\Debug\Day04_0418.pdb" /SUBSYSTEM:CONSOLE /TLBID:1 /DYNAMICBASE /NXCOMPAT /IMPLIB:"D:\kanghyomin\Project\Day04_0418\Debug\Day04_0418.lib" /MACHINE:X86 Debug\Day04_0418.exe.embed.manifest.res
         Debug\bubble_sort.obj
         Debug\main.obj
         Debug\quicksort.obj
         Debug\select_sort.obj
         Day04_0418.vcxproj -> D:\kanghyomin\Project\Day04_0418\Debug\Day04_0418.exe
       FinalizeBuildStatus:
         "Debug\Day04_0418.unsuccessfulbuild" 파일을 삭제하고 있습니다.
         "Debug\Day04_0418.lastbuildstate"에 연결(touching)하고 있습니다.
     1>"D:\kanghyomin\Project\Day04_0418\Day04_0418\Day04_0418.vcxproj" 프로젝트를 빌드했습니다(rebuild 대상).

빌드했습니다.

경과 시간: 00:00:01.02
