빌드 시작: 2021-04-25 오후 1:46:17
     1>2 노드의 "D:\Sampark\04_자료구조\Project\0425\0425\0425.vcxproj" 프로젝트(rebuild 대상)입니다.
     1>_PrepareForClean:
         "Debug\0425.lastbuildstate" 파일을 삭제하고 있습니다.
       InitializeBuildStatus:
         "AlwaysCreate"이(가) 지정되었기 때문에 "Debug\0425.unsuccessfulbuild"을(를) 만들고 있습니다.
       ClCompile:
         C:\Program Files (x86)\Microsoft Visual Studio 10.0\VC\bin\CL.exe /c /ZI /nologo /W3 /WX- /Od /Oy- /D WIN32 /D _DEBUG /D _CONSOLE /D _UNICODE /D UNICODE /Gm /EHsc /RTC1 /MDd /GS /fp:precise /Zc:wchar_t /Zc:forScope /Fo"Debug\\" /Fd"Debug\vc100.pdb" /Gd /TC /analyze- /errorReport:prompt main.c stack.c
         stack.c
     1>d:\sampark\04_자료구조\project\0425\0425\stack.c(49): warning C4033: 'fnc_stl_peek'은(는) 값을 반환해야 합니다.
         main.c
         코드를 생성하고 있습니다...
     1>d:\sampark\04_자료구조\project\0425\0425\stack.c(55): warning C4715: 'fnc_stl_peek' : 모든 제어 경로에서 값을 반환하지는 않습니다.
       ManifestResourceCompile:
         C:\Program Files (x86)\Microsoft SDKs\Windows\v7.0A\bin\rc.exe /nologo /fo"Debug\0425.exe.embed.manifest.res" Debug\0425_manifest.rc 
       Link:
         C:\Program Files (x86)\Microsoft Visual Studio 10.0\VC\bin\link.exe /ERRORREPORT:PROMPT /OUT:"D:\Sampark\04_자료구조\Project\0425\Debug\0425.exe" /INCREMENTAL /NOLOGO kernel32.lib user32.lib gdi32.lib winspool.lib comdlg32.lib advapi32.lib shell32.lib ole32.lib oleaut32.lib uuid.lib odbc32.lib odbccp32.lib /MANIFEST /ManifestFile:"Debug\0425.exe.intermediate.manifest" /MANIFESTUAC:"level='asInvoker' uiAccess='false'" /DEBUG /PDB:"D:\Sampark\04_자료구조\Project\0425\Debug\0425.pdb" /SUBSYSTEM:CONSOLE /TLBID:1 /DYNAMICBASE /NXCOMPAT /IMPLIB:"D:\Sampark\04_자료구조\Project\0425\Debug\0425.lib" /MACHINE:X86 Debug\0425.exe.embed.manifest.res
         Debug\main.obj
         Debug\stack.obj
       Manifest:
         "Debug\0425.exe.embed.manifest" 파일을 삭제하고 있습니다.
         C:\Program Files (x86)\Microsoft SDKs\Windows\v7.0A\bin\mt.exe /nologo /verbose /out:"Debug\0425.exe.embed.manifest" /manifest Debug\0425.exe.intermediate.manifest
         C:\Program Files (x86)\Microsoft SDKs\Windows\v7.0A\bin\rc.exe /nologo /fo"Debug\0425.exe.embed.manifest.res" Debug\0425_manifest.rc 
       LinkEmbedManifest:
         C:\Program Files (x86)\Microsoft Visual Studio 10.0\VC\bin\link.exe /ERRORREPORT:PROMPT /OUT:"D:\Sampark\04_자료구조\Project\0425\Debug\0425.exe" /INCREMENTAL /NOLOGO kernel32.lib user32.lib gdi32.lib winspool.lib comdlg32.lib advapi32.lib shell32.lib ole32.lib oleaut32.lib uuid.lib odbc32.lib odbccp32.lib /MANIFEST /ManifestFile:"Debug\0425.exe.intermediate.manifest" /MANIFESTUAC:"level='asInvoker' uiAccess='false'" /DEBUG /PDB:"D:\Sampark\04_자료구조\Project\0425\Debug\0425.pdb" /SUBSYSTEM:CONSOLE /TLBID:1 /DYNAMICBASE /NXCOMPAT /IMPLIB:"D:\Sampark\04_자료구조\Project\0425\Debug\0425.lib" /MACHINE:X86 Debug\0425.exe.embed.manifest.res
         Debug\main.obj
         Debug\stack.obj
         0425.vcxproj -> D:\Sampark\04_자료구조\Project\0425\Debug\0425.exe
       FinalizeBuildStatus:
         "Debug\0425.unsuccessfulbuild" 파일을 삭제하고 있습니다.
         "Debug\0425.lastbuildstate"에 연결(touching)하고 있습니다.
     1>"D:\Sampark\04_자료구조\Project\0425\0425\0425.vcxproj" 프로젝트를 빌드했습니다(rebuild 대상).

빌드했습니다.

경과 시간: 00:00:00.87
